<?xml version="1.0" encoding="UTF-8"?>
<testsuite name="com.github.ltennstedt.finnmath.number.ScientificNotationTest" tests="14" skipped="0" failures="0" errors="0" timestamp="2017-10-14T21:28:12" hostname="archlinux" time="0.016">
  <properties/>
  <testcase name="equalsNotScientificNotationShouldReturnFalse" classname="com.github.ltennstedt.finnmath.number.ScientificNotationTest" time="0.0"/>
  <testcase name="toStringShouldSucceed" classname="com.github.ltennstedt.finnmath.number.ScientificNotationTest" time="0.002"/>
  <testcase name="asStringExponentIsNegative" classname="com.github.ltennstedt.finnmath.number.ScientificNotationTest" time="0.0"/>
  <testcase name="asStringExponentIsOne" classname="com.github.ltennstedt.finnmath.number.ScientificNotationTest" time="0.0"/>
  <testcase name="newCoefficientNullShouldThrowException" classname="com.github.ltennstedt.finnmath.number.ScientificNotationTest" time="0.001"/>
  <testcase name="asStringExponentIsZero" classname="com.github.ltennstedt.finnmath.number.ScientificNotationTest" time="0.0"/>
  <testcase name="equalsSelfShouldReturnTrue" classname="com.github.ltennstedt.finnmath.number.ScientificNotationTest" time="0.002"/>
  <testcase name="equalsExponentNotEqualShouldReturnFalse" classname="com.github.ltennstedt.finnmath.number.ScientificNotationTest" time="0.001"/>
  <testcase name="equalsEqualShouldReturnTrue" classname="com.github.ltennstedt.finnmath.number.ScientificNotationTest" time="0.001"/>
  <testcase name="equalsCoefficientNotEqualShouldReturnFalse" classname="com.github.ltennstedt.finnmath.number.ScientificNotationTest" time="0.002"/>
  <testcase name="hashCodeShouldSucceed" classname="com.github.ltennstedt.finnmath.number.ScientificNotationTest" time="0.002"/>
  <testcase name="newShouldSucceed" classname="com.github.ltennstedt.finnmath.number.ScientificNotationTest" time="0.0"/>
  <testcase name="asStringCoefficientIsZero" classname="com.github.ltennstedt.finnmath.number.ScientificNotationTest" time="0.0"/>
  <testcase name="asStringExponentGreaterThanOne" classname="com.github.ltennstedt.finnmath.number.ScientificNotationTest" time="0.0"/>
  <system-out><![CDATA[]]></system-out>
  <system-err><![CDATA[]]></system-err>
</testsuite>
