<?xml version="1.0" encoding="UTF-8"?>
<testsuite name="com.github.ltennstedt.finnmath.linear.DecimalMatrixTest" tests="160" skipped="0" failures="0" errors="0" timestamp="2017-10-14T21:28:13" hostname="archlinux" time="3.695">
  <properties/>
  <testcase name="multiplyZeroVectorShouldBeEqualToZeroMatrix" classname="com.github.ltennstedt.finnmath.linear.DecimalMatrixTest" time="0.018"/>
  <testcase name="multiplyIdentityMatrixShouldBeEqualToSelf" classname="com.github.ltennstedt.finnmath.linear.DecimalMatrixTest" time="0.024"/>
  <testcase name="transposeShouldBeAdditive" classname="com.github.ltennstedt.finnmath.linear.DecimalMatrixTest" time="0.073"/>
  <testcase name="frobeniusNormShouldBeSubadditive" classname="com.github.ltennstedt.finnmath.linear.DecimalMatrixTest" time="0.119"/>
  <testcase name="squareShouldBePredictable" classname="com.github.ltennstedt.finnmath.linear.DecimalMatrixTest" time="0.001"/>
  <testcase name="identityShouldSucceed" classname="com.github.ltennstedt.finnmath.linear.DecimalMatrixTest" time="0.0"/>
  <testcase name="addShouldSucceed" classname="com.github.ltennstedt.finnmath.linear.DecimalMatrixTest" time="0.098"/>
  <testcase name="skewSymmetricNotSymmetricShouldReturnFalse" classname="com.github.ltennstedt.finnmath.linear.DecimalMatrixTest" time="0.013"/>
  <testcase name="multiplyNullVectorShouldThrowException" classname="com.github.ltennstedt.finnmath.linear.DecimalMatrixTest" time="0.001"/>
  <testcase name="scalarMultiplyShouldSucceed" classname="com.github.ltennstedt.finnmath.linear.DecimalMatrixTest" time="0.052"/>
  <testcase name="determinatOfTriangularMatricesShouldBeEqualToProductOfTheDiagonalEntries" classname="com.github.ltennstedt.finnmath.linear.DecimalMatrixTest" time="0.013"/>
  <testcase name="subtractShouldSucceed" classname="com.github.ltennstedt.finnmath.linear.DecimalMatrixTest" time="0.052"/>
  <testcase name="maxAbsRowSumNormShouldBePositiveValued" classname="com.github.ltennstedt.finnmath.linear.DecimalMatrixTest" time="0.011"/>
  <testcase name="toStringShouldSucceed" classname="com.github.ltennstedt.finnmath.linear.DecimalMatrixTest" time="0.017"/>
  <testcase name="invertibleIdShouldSucceed" classname="com.github.ltennstedt.finnmath.linear.DecimalMatrixTest" time="0.003"/>
  <testcase name="elementColumnIndexOutOfBoundShouldThrowException" classname="com.github.ltennstedt.finnmath.linear.DecimalMatrixTest" time="0.002"/>
  <testcase name="subtractRowSizesNotEqualShouldThrowException" classname="com.github.ltennstedt.finnmath.linear.DecimalMatrixTest" time="0.002"/>
  <testcase name="columnSizeShouldSucceed" classname="com.github.ltennstedt.finnmath.linear.DecimalMatrixTest" time="0.005"/>
  <testcase name="frobeniusNormPow2OfZeroMatrixShouldBeEqualToZero" classname="com.github.ltennstedt.finnmath.linear.DecimalMatrixTest" time="0.001"/>
  <testcase name="frobeniusNormShouldBeSubmultiplicative" classname="com.github.ltennstedt.finnmath.linear.DecimalMatrixTest" time="0.158"/>
  <testcase name="maxNormOfZeroMatrixShouldBeEqualToZero" classname="com.github.ltennstedt.finnmath.linear.DecimalMatrixTest" time="0.001"/>
  <testcase name="minorColumnIndexTooHighShouldThrowException" classname="com.github.ltennstedt.finnmath.linear.DecimalMatrixTest" time="0.001"/>
  <testcase name="maxAbsColumnSumNormShouldBeSubadditive" classname="com.github.ltennstedt.finnmath.linear.DecimalMatrixTest" time="0.058"/>
  <testcase name="maxAbsColumnSumNormOfZeroMatrixShouldBeEqualToZero" classname="com.github.ltennstedt.finnmath.linear.DecimalMatrixTest" time="0.0"/>
  <testcase name="maxAbsRowSumNormShouldBeSucceed" classname="com.github.ltennstedt.finnmath.linear.DecimalMatrixTest" time="0.001"/>
  <testcase name="multiplyVectorShouldSucceed" classname="com.github.ltennstedt.finnmath.linear.DecimalMatrixTest" time="0.053"/>
  <testcase name="lowerTriangularNotSquareShouldReturnFalse" classname="com.github.ltennstedt.finnmath.linear.DecimalMatrixTest" time="0.0"/>
  <testcase name="minorRowIndexTooLowShouldThrowException" classname="com.github.ltennstedt.finnmath.linear.DecimalMatrixTest" time="0.001"/>
  <testcase name="transposeShouldBeLinear" classname="com.github.ltennstedt.finnmath.linear.DecimalMatrixTest" time="0.064"/>
  <testcase name="maxAbsColumnSumNormShouldBePositiveValued" classname="com.github.ltennstedt.finnmath.linear.DecimalMatrixTest" time="0.002"/>
  <testcase name="traceShouldBeLinear" classname="com.github.ltennstedt.finnmath.linear.DecimalMatrixTest" time="0.023"/>
  <testcase name="rowIndexesShouldSucceed" classname="com.github.ltennstedt.finnmath.linear.DecimalMatrixTest" time="0.003"/>
  <testcase name="determinatOfTwoByTwoMatricesShouldSucceed" classname="com.github.ltennstedt.finnmath.linear.DecimalMatrixTest" time="0.012"/>
  <testcase name="addZeroMatrixShouldBeEqualToSelf" classname="com.github.ltennstedt.finnmath.linear.DecimalMatrixTest" time="0.009"/>
  <testcase name="lowerTriangularNotLowerTriangularShouldReturnFalse" classname="com.github.ltennstedt.finnmath.linear.DecimalMatrixTest" time="0.018"/>
  <testcase name="multiplyNegativeIdentityMatrixShouldBeEqualToNegated" classname="com.github.ltennstedt.finnmath.linear.DecimalMatrixTest" time="0.014"/>
  <testcase name="subtractZeroMatrixShouldBeEqualToSelf" classname="com.github.ltennstedt.finnmath.linear.DecimalMatrixTest" time="0.002"/>
  <testcase name="minorRowIndexTooHighShouldThrowException" classname="com.github.ltennstedt.finnmath.linear.DecimalMatrixTest" time="0.002"/>
  <testcase name="rowsShouldSucceed" classname="com.github.ltennstedt.finnmath.linear.DecimalMatrixTest" time="0.021"/>
  <testcase name="muliplyZeroMatrixShouldBeEqualToZeroMatrix" classname="com.github.ltennstedt.finnmath.linear.DecimalMatrixTest" time="0.005"/>
  <testcase name="maxNormShouldBeSucceed" classname="com.github.ltennstedt.finnmath.linear.DecimalMatrixTest" time="0.002"/>
  <testcase name="scalarMultiplyNullShouldThrowException" classname="com.github.ltennstedt.finnmath.linear.DecimalMatrixTest" time="0.002"/>
  <testcase name="determinatWithScalarShouldBeEqualToPowOfScalarMultipliedWithDet" classname="com.github.ltennstedt.finnmath.linear.DecimalMatrixTest" time="0.044"/>
  <testcase name="addAndScalarMultiplyWithTwoScalarsShouldBeDistributive" classname="com.github.ltennstedt.finnmath.linear.DecimalMatrixTest" time="0.309"/>
  <testcase name="lowerTriangularShouldSucceed" classname="com.github.ltennstedt.finnmath.linear.DecimalMatrixTest" time="0.002"/>
  <testcase name="elementShouldSucceed" classname="com.github.ltennstedt.finnmath.linear.DecimalMatrixTest" time="0.005"/>
  <testcase name="squareOfSquareMatricesShouldBeTrue" classname="com.github.ltennstedt.finnmath.linear.DecimalMatrixTest" time="0.002"/>
  <testcase name="minorColumnIndexTooLowShouldThrowException" classname="com.github.ltennstedt.finnmath.linear.DecimalMatrixTest" time="0.002"/>
  <testcase name="determinatOfIdentityMatrixShouldBeEqualToOne" classname="com.github.ltennstedt.finnmath.linear.DecimalMatrixTest" time="0.002"/>
  <testcase name="frobeniusNormWithPrecisionAndScaleTooLowAndRoundingModeShouldThrowException" classname="com.github.ltennstedt.finnmath.linear.DecimalMatrixTest" time="0.002"/>
  <testcase name="multiplyNullShouldThrowException" classname="com.github.ltennstedt.finnmath.linear.DecimalMatrixTest" time="0.002"/>
  <testcase name="diagonalNotSquareShouldReturnFalse" classname="com.github.ltennstedt.finnmath.linear.DecimalMatrixTest" time="0.0"/>
  <testcase name="invertibleMatrixWithDetEqualToMinusOneShouldSucceed" classname="com.github.ltennstedt.finnmath.linear.DecimalMatrixTest" time="0.003"/>
  <testcase name="scalarMultiplyWithMinusOneShouldBeEqualToNegated" classname="com.github.ltennstedt.finnmath.linear.DecimalMatrixTest" time="0.003"/>
  <testcase name="frobeniusNormWithPrecisionNullAndScaleAndRoundingModeShouldThrowException" classname="com.github.ltennstedt.finnmath.linear.DecimalMatrixTest" time="0.002"/>
  <testcase name="symmetricNotSymmetricShouldReturnFalse" classname="com.github.ltennstedt.finnmath.linear.DecimalMatrixTest" time="0.003"/>
  <testcase name="traceShouldBeAdditive" classname="com.github.ltennstedt.finnmath.linear.DecimalMatrixTest" time="0.011"/>
  <testcase name="elementRowIndexOutOfBoundShouldThrowException" classname="com.github.ltennstedt.finnmath.linear.DecimalMatrixTest" time="0.001"/>
  <testcase name="rowRowIndexOutOfBoundShouldThrowException" classname="com.github.ltennstedt.finnmath.linear.DecimalMatrixTest" time="0.002"/>
  <testcase name="maxNormShouldBeSubadditive" classname="com.github.ltennstedt.finnmath.linear.DecimalMatrixTest" time="0.014"/>
  <testcase name="transposeTwiceIsEqualToSelf" classname="com.github.ltennstedt.finnmath.linear.DecimalMatrixTest" time="0.003"/>
  <testcase name="builderColumnSizeTooLowShouldThrowException" classname="com.github.ltennstedt.finnmath.linear.DecimalMatrixTest" time="0.002"/>
  <testcase name="equalsSelfShouldReturnTrue" classname="com.github.ltennstedt.finnmath.linear.DecimalMatrixTest" time="0.002"/>
  <testcase name="maxAbsRowSumNormOfZeroMatrixShouldBeEqualToZero" classname="com.github.ltennstedt.finnmath.linear.DecimalMatrixTest" time="0.0"/>
  <testcase name="invertibleZeroMatrixShouldReturnFalse" classname="com.github.ltennstedt.finnmath.linear.DecimalMatrixTest" time="0.001"/>
  <testcase name="addShouldBeCommutative" classname="com.github.ltennstedt.finnmath.linear.DecimalMatrixTest" time="0.016"/>
  <testcase name="maxAbsRowSumNormShouldBeSubmultiplicative" classname="com.github.ltennstedt.finnmath.linear.DecimalMatrixTest" time="0.024"/>
  <testcase name="traceShouldBeEqualToTheTraceOfTheTranspose" classname="com.github.ltennstedt.finnmath.linear.DecimalMatrixTest" time="0.001"/>
  <testcase name="multiplyColumnSizeNotEqualToFactorRowSizeShouldThrowException" classname="com.github.ltennstedt.finnmath.linear.DecimalMatrixTest" time="0.001"/>
  <testcase name="identityNotDiagonalhouldReturnFalse" classname="com.github.ltennstedt.finnmath.linear.DecimalMatrixTest" time="0.0"/>
  <testcase name="negateZeroMatrixShouldBeEqualToSelf" classname="com.github.ltennstedt.finnmath.linear.DecimalMatrixTest" time="0.001"/>
  <testcase name="diagonalShouldSucceed" classname="com.github.ltennstedt.finnmath.linear.DecimalMatrixTest" time="0.001"/>
  <testcase name="multiplyShouldBeAssociative" classname="com.github.ltennstedt.finnmath.linear.DecimalMatrixTest" time="0.492"/>
  <testcase name="invertibleNotSquareShouldReturnFalse" classname="com.github.ltennstedt.finnmath.linear.DecimalMatrixTest" time="0.0"/>
  <testcase name="transposeShouldBeMultiplicativeWithInversedOrder" classname="com.github.ltennstedt.finnmath.linear.DecimalMatrixTest" time="0.048"/>
  <testcase name="addAndScalarMultiplyWithTwoMatricesShouldBeDistributive" classname="com.github.ltennstedt.finnmath.linear.DecimalMatrixTest" time="0.285"/>
  <testcase name="columnShouldSucceed" classname="com.github.ltennstedt.finnmath.linear.DecimalMatrixTest" time="0.014"/>
  <testcase name="elementRowIndexNullShouldThrowException" classname="com.github.ltennstedt.finnmath.linear.DecimalMatrixTest" time="0.001"/>
  <testcase name="scalarMultiplyWithTwoMatricesShouldBeAssociative" classname="com.github.ltennstedt.finnmath.linear.DecimalMatrixTest" time="0.372"/>
  <testcase name="scalarMultiplyWithZeroShouldBeEqualToZeroMatrix" classname="com.github.ltennstedt.finnmath.linear.DecimalMatrixTest" time="0.002"/>
  <testcase name="multiplyVectorColumnSizeNotEqualToVectorSizeShouldThrowException" classname="com.github.ltennstedt.finnmath.linear.DecimalMatrixTest" time="0.002"/>
  <testcase name="equalsEqualShouldReturnTrue" classname="com.github.ltennstedt.finnmath.linear.DecimalMatrixTest" time="0.004"/>
  <testcase name="scalarMultiplyAndMultiplyVectorShouldBeCommutative" classname="com.github.ltennstedt.finnmath.linear.DecimalMatrixTest" time="0.136"/>
  <testcase name="maxNormShouldBePositiveValued" classname="com.github.ltennstedt.finnmath.linear.DecimalMatrixTest" time="0.001"/>
  <testcase name="squareOfNonSquareMatrixShouldBeFalse" classname="com.github.ltennstedt.finnmath.linear.DecimalMatrixTest" time="0.0"/>
  <testcase name="frobeniusNormWithPrecisionNullShouldThrowException" classname="com.github.ltennstedt.finnmath.linear.DecimalMatrixTest" time="0.001"/>
  <testcase name="frobeniusNormWithPrecisionTooLowShouldThrowException" classname="com.github.ltennstedt.finnmath.linear.DecimalMatrixTest" time="0.001"/>
  <testcase name="addColumnSizesNotEqualShouldThrowException" classname="com.github.ltennstedt.finnmath.linear.DecimalMatrixTest" time="0.001"/>
  <testcase name="minorShouldSucceed" classname="com.github.ltennstedt.finnmath.linear.DecimalMatrixTest" time="0.005"/>
  <testcase name="hashCodeShouldSucceed" classname="com.github.ltennstedt.finnmath.linear.DecimalMatrixTest" time="0.005"/>
  <testcase name="maxAbsColumnSumNormShouldBeSucceed" classname="com.github.ltennstedt.finnmath.linear.DecimalMatrixTest" time="0.002"/>
  <testcase name="addShouldBeAssociative" classname="com.github.ltennstedt.finnmath.linear.DecimalMatrixTest" time="0.179"/>
  <testcase name="builderRowSizeTooLowShouldThrowException" classname="com.github.ltennstedt.finnmath.linear.DecimalMatrixTest" time="0.002"/>
  <testcase name="maxAbsColumnSumNormShouldBeAbsolutelyHomogeneous" classname="com.github.ltennstedt.finnmath.linear.DecimalMatrixTest" time="0.009"/>
  <testcase name="subtractColumnSizesNotEqualShouldThrowException" classname="com.github.ltennstedt.finnmath.linear.DecimalMatrixTest" time="0.001"/>
  <testcase name="equalsNotEqualShouldReturnFalse" classname="com.github.ltennstedt.finnmath.linear.DecimalMatrixTest" time="0.002"/>
  <testcase name="addRowSizesNotEqualShouldThrowException" classname="com.github.ltennstedt.finnmath.linear.DecimalMatrixTest" time="0.001"/>
  <testcase name="rowSizeShouldSucceed" classname="com.github.ltennstedt.finnmath.linear.DecimalMatrixTest" time="0.002"/>
  <testcase name="negateTwiceShouldBeEqualToSelf" classname="com.github.ltennstedt.finnmath.linear.DecimalMatrixTest" time="0.002"/>
  <testcase name="minorColumnIndexNullShouldThrowException" classname="com.github.ltennstedt.finnmath.linear.DecimalMatrixTest" time="0.002"/>
  <testcase name="traceShouldSucceed" classname="com.github.ltennstedt.finnmath.linear.DecimalMatrixTest" time="0.004"/>
  <testcase name="symmetricShouldSucceed" classname="com.github.ltennstedt.finnmath.linear.DecimalMatrixTest" time="0.004"/>
  <testcase name="identityNotIdentityMatrixShouldReturnFalse" classname="com.github.ltennstedt.finnmath.linear.DecimalMatrixTest" time="0.002"/>
  <testcase name="frobeniusNormWithPrecisionAndScaleAndRoundingModeShouldSucceed" classname="com.github.ltennstedt.finnmath.linear.DecimalMatrixTest" time="0.006"/>
  <testcase name="maxNormShouldBeAbsolutelyHomogeneous" classname="com.github.ltennstedt.finnmath.linear.DecimalMatrixTest" time="0.007"/>
  <testcase name="skewSymmetricNotquareShouldReturnFalse" classname="com.github.ltennstedt.finnmath.linear.DecimalMatrixTest" time="0.0"/>
  <testcase name="addAndMultiplyShouldBeDistributive" classname="com.github.ltennstedt.finnmath.linear.DecimalMatrixTest" time="0.283"/>
  <testcase name="frobeniusNormPow2ShouldBeHomogeneous" classname="com.github.ltennstedt.finnmath.linear.DecimalMatrixTest" time="0.008"/>
  <testcase name="cellsShouldSucceed" classname="com.github.ltennstedt.finnmath.linear.DecimalMatrixTest" time="0.002"/>
  <testcase name="frobeniusNormWithPrecisionTooLowAndScaleAndRoundingModeShouldThrowException" classname="com.github.ltennstedt.finnmath.linear.DecimalMatrixTest" time="0.001"/>
  <testcase name="symmetricNotquareShouldReturnFalse" classname="com.github.ltennstedt.finnmath.linear.DecimalMatrixTest" time="0.0"/>
  <testcase name="elementColumnIndexNullShouldThrowException" classname="com.github.ltennstedt.finnmath.linear.DecimalMatrixTest" time="0.001"/>
  <testcase name="rowShouldSucceed" classname="com.github.ltennstedt.finnmath.linear.DecimalMatrixTest" time="0.003"/>
  <testcase name="frobeniusNormPow2ShouldBeSucceed" classname="com.github.ltennstedt.finnmath.linear.DecimalMatrixTest" time="0.002"/>
  <testcase name="traceNotSquareShouldThrowException" classname="com.github.ltennstedt.finnmath.linear.DecimalMatrixTest" time="0.001"/>
  <testcase name="addNegatedShouldBeEqualToZeroMatrix" classname="com.github.ltennstedt.finnmath.linear.DecimalMatrixTest" time="0.003"/>
  <testcase name="columnColumnIndexNullShouldThrowException" classname="com.github.ltennstedt.finnmath.linear.DecimalMatrixTest" time="0.004"/>
  <testcase name="frobeniusNormWithPrecisionShouldSucceed" classname="com.github.ltennstedt.finnmath.linear.DecimalMatrixTest" time="0.002"/>
  <testcase name="maxAbsColumnSumNormShouldBeSubmultiplicative" classname="com.github.ltennstedt.finnmath.linear.DecimalMatrixTest" time="0.02"/>
  <testcase name="scalarMultiplyWithTwoScalarsShouldBeAssociative" classname="com.github.ltennstedt.finnmath.linear.DecimalMatrixTest" time="0.098"/>
  <testcase name="elementsShouldSucceed" classname="com.github.ltennstedt.finnmath.linear.DecimalMatrixTest" time="0.001"/>
  <testcase name="addNullShouldThrowException" classname="com.github.ltennstedt.finnmath.linear.DecimalMatrixTest" time="0.003"/>
  <testcase name="determinatOfZeroMatrixShouldBeEqualToZero" classname="com.github.ltennstedt.finnmath.linear.DecimalMatrixTest" time="0.001"/>
  <testcase name="traceShouldBeIndependentOfTheOrderOfTheFactors" classname="com.github.ltennstedt.finnmath.linear.DecimalMatrixTest" time="0.017"/>
  <testcase name="multiplyShouldSucceed" classname="com.github.ltennstedt.finnmath.linear.DecimalMatrixTest" time="0.028"/>
  <testcase name="minorRowIndexNullShouldThrowException" classname="com.github.ltennstedt.finnmath.linear.DecimalMatrixTest" time="0.001"/>
  <testcase name="skewSymmetricShouldSucceed" classname="com.github.ltennstedt.finnmath.linear.DecimalMatrixTest" time="0.003"/>
  <testcase name="maxAbsRowSumNormShouldBeSubadditive" classname="com.github.ltennstedt.finnmath.linear.DecimalMatrixTest" time="0.024"/>
  <testcase name="rowRowIndexNullShouldThrowException" classname="com.github.ltennstedt.finnmath.linear.DecimalMatrixTest" time="0.001"/>
  <testcase name="frobeniusNormWithRoundingModeAndScaleTooLowShouldThrowException" classname="com.github.ltennstedt.finnmath.linear.DecimalMatrixTest" time="0.001"/>
  <testcase name="equalsNotSimpleComplexNumberShouldReturnFalse" classname="com.github.ltennstedt.finnmath.linear.DecimalMatrixTest" time="0.0"/>
  <testcase name="diagonalNotNotDiagonalShouldReturnFalse" classname="com.github.ltennstedt.finnmath.linear.DecimalMatrixTest" time="0.003"/>
  <testcase name="triangularNotUpperTriangularShouldReturnFalse" classname="com.github.ltennstedt.finnmath.linear.DecimalMatrixTest" time="0.004"/>
  <testcase name="frobeniusNormWithPrecisionTooHighShouldThrowException" classname="com.github.ltennstedt.finnmath.linear.DecimalMatrixTest" time="0.005"/>
  <testcase name="triangularShouldSucceed" classname="com.github.ltennstedt.finnmath.linear.DecimalMatrixTest" time="0.001"/>
  <testcase name="transposeShouldSucceed" classname="com.github.ltennstedt.finnmath.linear.DecimalMatrixTest" time="0.002"/>
  <testcase name="frobeniusNormWithPrecisionTooHighAndScaleAndRoundingModeShouldThrowException" classname="com.github.ltennstedt.finnmath.linear.DecimalMatrixTest" time="0.001"/>
  <testcase name="determinatNotSquareShouldThrowException" classname="com.github.ltennstedt.finnmath.linear.DecimalMatrixTest" time="0.001"/>
  <testcase name="determinatColumnSizeTooLargeShouldThrowException" classname="com.github.ltennstedt.finnmath.linear.DecimalMatrixTest" time="0.001"/>
  <testcase name="frobeniusNormWithScaleAndRoundingModeShouldSucceed" classname="com.github.ltennstedt.finnmath.linear.DecimalMatrixTest" time="0.002"/>
  <testcase name="determinatOfOneByOneMatricesShouldSucceed" classname="com.github.ltennstedt.finnmath.linear.DecimalMatrixTest" time="0.007"/>
  <testcase name="upperTriangularShouldSucceed" classname="com.github.ltennstedt.finnmath.linear.DecimalMatrixTest" time="0.001"/>
  <testcase name="columnIndexesShouldSucceed" classname="com.github.ltennstedt.finnmath.linear.DecimalMatrixTest" time="0.001"/>
  <testcase name="frobeniusNormShouldSucceed" classname="com.github.ltennstedt.finnmath.linear.DecimalMatrixTest" time="0.015"/>
  <testcase name="traceOfZeroMatrixShouldBeEqualToZero" classname="com.github.ltennstedt.finnmath.linear.DecimalMatrixTest" time="0.001"/>
  <testcase name="columnColumnIndexOutOfBoundShouldThrowException" classname="com.github.ltennstedt.finnmath.linear.DecimalMatrixTest" time="0.002"/>
  <testcase name="determinatRowSizeTooLargeShouldThrowException" classname="com.github.ltennstedt.finnmath.linear.DecimalMatrixTest" time="0.002"/>
  <testcase name="columnsShouldSucceed" classname="com.github.ltennstedt.finnmath.linear.DecimalMatrixTest" time="0.001"/>
  <testcase name="subtractNullShouldThrowException" classname="com.github.ltennstedt.finnmath.linear.DecimalMatrixTest" time="0.001"/>
  <testcase name="subtractSelfShouldBeEqualToZeroMatrix" classname="com.github.ltennstedt.finnmath.linear.DecimalMatrixTest" time="0.003"/>
  <testcase name="maxAbsRowSumNormShouldBeAbsolutelyHomogeneous" classname="com.github.ltennstedt.finnmath.linear.DecimalMatrixTest" time="0.01"/>
  <testcase name="upperTriangularNotSquareShouldReturnFalse" classname="com.github.ltennstedt.finnmath.linear.DecimalMatrixTest" time="0.001"/>
  <testcase name="negateShouldSucceed" classname="com.github.ltennstedt.finnmath.linear.DecimalMatrixTest" time="0.003"/>
  <testcase name="identityNotDiagonalShouldReturnFalse" classname="com.github.ltennstedt.finnmath.linear.DecimalMatrixTest" time="0.001"/>
  <testcase name="sizeShouldSucceed" classname="com.github.ltennstedt.finnmath.linear.DecimalMatrixTest" time="0.002"/>
  <testcase name="upperTriangularNotUpperTriangularShouldReturnFalse" classname="com.github.ltennstedt.finnmath.linear.DecimalMatrixTest" time="0.003"/>
  <testcase name="triangularNotLowerTriangularShouldReturnFalse" classname="com.github.ltennstedt.finnmath.linear.DecimalMatrixTest" time="0.003"/>
  <testcase name="frobeniusNormShouldBePositiveValued" classname="com.github.ltennstedt.finnmath.linear.DecimalMatrixTest" time="0.002"/>
  <testcase name="triangularNotSquareShouldReturnFalse" classname="com.github.ltennstedt.finnmath.linear.DecimalMatrixTest" time="0.0"/>
  <testcase name="scalarMultiplyWithOneShouldBeEqualToSelf" classname="com.github.ltennstedt.finnmath.linear.DecimalMatrixTest" time="0.003"/>
  <system-out><![CDATA[]]></system-out>
  <system-err><![CDATA[]]></system-err>
</testsuite>
