<?xml version="1.0" encoding="UTF-8"?>
<testsuite name="com.github.ltennstedt.finnmath.linear.BigIntMatrixBuilderTest" tests="10" skipped="0" failures="0" errors="0" timestamp="2017-10-14T21:28:18" hostname="archlinux" time="0.034">
  <properties/>
  <testcase name="putAllNullShouldThrowException" classname="com.github.ltennstedt.finnmath.linear.BigIntMatrixBuilderTest" time="0.002"/>
  <testcase name="toStringShouldSucceed" classname="com.github.ltennstedt.finnmath.linear.BigIntMatrixBuilderTest" time="0.017"/>
  <testcase name="putColumnIndexNullShouldThrowException" classname="com.github.ltennstedt.finnmath.linear.BigIntMatrixBuilderTest" time="0.001"/>
  <testcase name="putColumnIndexTooHighShouldThrowException" classname="com.github.ltennstedt.finnmath.linear.BigIntMatrixBuilderTest" time="0.001"/>
  <testcase name="putRowIndexTooLowShouldThrowException" classname="com.github.ltennstedt.finnmath.linear.BigIntMatrixBuilderTest" time="0.001"/>
  <testcase name="buildNullShouldThrowException" classname="com.github.ltennstedt.finnmath.linear.BigIntMatrixBuilderTest" time="0.001"/>
  <testcase name="putColumnIndexTooLowShouldThrowException" classname="com.github.ltennstedt.finnmath.linear.BigIntMatrixBuilderTest" time="0.004"/>
  <testcase name="putElementNullShouldThrowException" classname="com.github.ltennstedt.finnmath.linear.BigIntMatrixBuilderTest" time="0.004"/>
  <testcase name="putRowIndexTooHighShouldThrowException" classname="com.github.ltennstedt.finnmath.linear.BigIntMatrixBuilderTest" time="0.001"/>
  <testcase name="putRowIndexNullShouldThrowException" classname="com.github.ltennstedt.finnmath.linear.BigIntMatrixBuilderTest" time="0.001"/>
  <system-out><![CDATA[]]></system-out>
  <system-err><![CDATA[]]></system-err>
</testsuite>
