<?xml version="1.0" encoding="UTF-8"?>
<testsuite xmlns:xsi="http://www.w3.org/2001/XMLSchema-instance" xsi:noNamespaceSchemaLocation="https://maven.apache.org/surefire/maven-surefire-plugin/xsd/surefire-test-report.xsd" name="com.github.ltennstedt.finnmath.core.linear.BigDecimalMatrixGuavaTest" time="3.986" tests="27" errors="0" skipped="0" failures="0">
  <properties>
    <property name="sun.desktop" value="gnome"/>
    <property name="awt.toolkit" value="sun.awt.X11.XToolkit"/>
    <property name="file.encoding.pkg" value="sun.io"/>
    <property name="java.specification.version" value="1.8"/>
    <property name="sun.cpu.isalist" value=""/>
    <property name="sun.jnu.encoding" value="UTF-8"/>
    <property name="java.class.path" value="/home/raimund/git/finnmath/core/target/test-classes:/home/raimund/git/finnmath/core/target/classes:/home/raimund/.m2/repository/ch/obermuhlner/big-math/1.3.0/big-math-1.3.0.jar:/home/raimund/.m2/repository/com/google/guava/guava/23.5-jre/guava-23.5-jre.jar:/home/raimund/.m2/repository/com/google/code/findbugs/jsr305/1.3.9/jsr305-1.3.9.jar:/home/raimund/.m2/repository/org/checkerframework/checker-qual/2.0.0/checker-qual-2.0.0.jar:/home/raimund/.m2/repository/com/google/errorprone/error_prone_annotations/2.0.18/error_prone_annotations-2.0.18.jar:/home/raimund/.m2/repository/com/google/j2objc/j2objc-annotations/1.1/j2objc-annotations-1.1.jar:/home/raimund/.m2/repository/org/codehaus/mojo/animal-sniffer-annotations/1.14/animal-sniffer-annotations-1.14.jar:/home/raimund/.m2/repository/org/apache/commons/commons-lang3/3.7/commons-lang3-3.7.jar:/home/raimund/.m2/repository/org/slf4j/slf4j-api/1.7.25/slf4j-api-1.7.25.jar:/home/raimund/.m2/repository/org/slf4j/slf4j-simple/1.7.25/slf4j-simple-1.7.25.jar:/home/raimund/.m2/repository/junit/junit/4.12/junit-4.12.jar:/home/raimund/.m2/repository/org/hamcrest/hamcrest-core/1.3/hamcrest-core-1.3.jar:/home/raimund/.m2/repository/org/assertj/assertj-core/3.8.0/assertj-core-3.8.0.jar:/home/raimund/.m2/repository/org/assertj/assertj-guava/3.1.0/assertj-guava-3.1.0.jar:"/>
    <property name="java.vm.vendor" value="Oracle Corporation"/>
    <property name="sun.arch.data.model" value="64"/>
    <property name="java.vendor.url" value="http://java.oracle.com/"/>
    <property name="user.timezone" value=""/>
    <property name="java.vm.specification.version" value="1.8"/>
    <property name="os.name" value="Linux"/>
    <property name="user.country" value="US"/>
    <property name="sun.java.launcher" value="SUN_STANDARD"/>
    <property name="sun.boot.library.path" value="/usr/lib/jvm/java-8-openjdk/jre/lib/amd64"/>
    <property name="sun.java.command" value="/home/raimund/git/finnmath/core/target/surefire/surefirebooter1354846831816943154.jar /home/raimund/git/finnmath/core/target/surefire 2017-12-23T19-47-06_675-jvmRun1 surefire2625236118736408092tmp surefire_03784596663335593008tmp"/>
    <property name="surefire.test.class.path" value="/home/raimund/git/finnmath/core/target/test-classes:/home/raimund/git/finnmath/core/target/classes:/home/raimund/.m2/repository/ch/obermuhlner/big-math/1.3.0/big-math-1.3.0.jar:/home/raimund/.m2/repository/com/google/guava/guava/23.5-jre/guava-23.5-jre.jar:/home/raimund/.m2/repository/com/google/code/findbugs/jsr305/1.3.9/jsr305-1.3.9.jar:/home/raimund/.m2/repository/org/checkerframework/checker-qual/2.0.0/checker-qual-2.0.0.jar:/home/raimund/.m2/repository/com/google/errorprone/error_prone_annotations/2.0.18/error_prone_annotations-2.0.18.jar:/home/raimund/.m2/repository/com/google/j2objc/j2objc-annotations/1.1/j2objc-annotations-1.1.jar:/home/raimund/.m2/repository/org/codehaus/mojo/animal-sniffer-annotations/1.14/animal-sniffer-annotations-1.14.jar:/home/raimund/.m2/repository/org/apache/commons/commons-lang3/3.7/commons-lang3-3.7.jar:/home/raimund/.m2/repository/org/slf4j/slf4j-api/1.7.25/slf4j-api-1.7.25.jar:/home/raimund/.m2/repository/org/slf4j/slf4j-simple/1.7.25/slf4j-simple-1.7.25.jar:/home/raimund/.m2/repository/junit/junit/4.12/junit-4.12.jar:/home/raimund/.m2/repository/org/hamcrest/hamcrest-core/1.3/hamcrest-core-1.3.jar:/home/raimund/.m2/repository/org/assertj/assertj-core/3.8.0/assertj-core-3.8.0.jar:/home/raimund/.m2/repository/org/assertj/assertj-guava/3.1.0/assertj-guava-3.1.0.jar:"/>
    <property name="sun.cpu.endian" value="little"/>
    <property name="user.home" value="/home/raimund"/>
    <property name="user.language" value="en"/>
    <property name="java.specification.vendor" value="Oracle Corporation"/>
    <property name="java.home" value="/usr/lib/jvm/java-8-openjdk/jre"/>
    <property name="basedir" value="/home/raimund/git/finnmath/core"/>
    <property name="file.separator" value="/"/>
    <property name="line.separator" value="&#10;"/>
    <property name="java.vm.specification.vendor" value="Oracle Corporation"/>
    <property name="java.specification.name" value="Java Platform API Specification"/>
    <property name="java.awt.graphicsenv" value="sun.awt.X11GraphicsEnvironment"/>
    <property name="surefire.real.class.path" value="/home/raimund/git/finnmath/core/target/surefire/surefirebooter1354846831816943154.jar:/home/raimund/.m2/repository/org/jacoco/org.jacoco.agent/0.7.9/org.jacoco.agent-0.7.9-runtime.jar"/>
    <property name="sun.boot.class.path" value="/usr/lib/jvm/java-8-openjdk/jre/lib/resources.jar:/usr/lib/jvm/java-8-openjdk/jre/lib/rt.jar:/usr/lib/jvm/java-8-openjdk/jre/lib/sunrsasign.jar:/usr/lib/jvm/java-8-openjdk/jre/lib/jsse.jar:/usr/lib/jvm/java-8-openjdk/jre/lib/jce.jar:/usr/lib/jvm/java-8-openjdk/jre/lib/charsets.jar:/usr/lib/jvm/java-8-openjdk/jre/lib/jfr.jar:/usr/lib/jvm/java-8-openjdk/jre/classes"/>
    <property name="sun.management.compiler" value="HotSpot 64-Bit Tiered Compilers"/>
    <property name="java.runtime.version" value="1.8.0_144-b01"/>
    <property name="user.name" value="raimund"/>
    <property name="path.separator" value=":"/>
    <property name="os.version" value="4.14.8-1-ARCH"/>
    <property name="java.endorsed.dirs" value="/usr/lib/jvm/java-8-openjdk/jre/lib/endorsed"/>
    <property name="java.runtime.name" value="OpenJDK Runtime Environment"/>
    <property name="file.encoding" value="UTF-8"/>
    <property name="java.vm.name" value="OpenJDK 64-Bit Server VM"/>
    <property name="localRepository" value="/home/raimund/.m2/repository"/>
    <property name="java.vendor.url.bug" value="http://bugreport.sun.com/bugreport/"/>
    <property name="java.io.tmpdir" value="/tmp"/>
    <property name="java.version" value="1.8.0_144"/>
    <property name="user.dir" value="/home/raimund/git/finnmath/core"/>
    <property name="os.arch" value="amd64"/>
    <property name="java.vm.specification.name" value="Java Virtual Machine Specification"/>
    <property name="java.awt.printerjob" value="sun.print.PSPrinterJob"/>
    <property name="sun.os.patch.level" value="unknown"/>
    <property name="java.library.path" value="/usr/java/packages/lib/amd64:/usr/lib64:/lib64:/lib:/usr/lib"/>
    <property name="java.vm.info" value="mixed mode"/>
    <property name="java.vendor" value="Oracle Corporation"/>
    <property name="java.vm.version" value="25.144-b01"/>
    <property name="java.ext.dirs" value="/usr/lib/jvm/java-8-openjdk/jre/lib/ext:/usr/java/packages/lib/ext"/>
    <property name="sun.io.unicode.encoding" value="UnicodeLittle"/>
    <property name="java.class.version" value="52.0"/>
  </properties>
  <testcase name="multiplyIdentityMatrixShouldBeEqualToSelf" classname="com.github.ltennstedt.finnmath.core.linear.BigDecimalMatrixGuavaTest" time="0.429"/>
  <testcase name="transposeShouldBeAdditive" classname="com.github.ltennstedt.finnmath.core.linear.BigDecimalMatrixGuavaTest" time="0.055"/>
  <testcase name="addShouldSucceed" classname="com.github.ltennstedt.finnmath.core.linear.BigDecimalMatrixGuavaTest" time="0.015"/>
  <testcase name="scalarMultiplyShouldSucceed" classname="com.github.ltennstedt.finnmath.core.linear.BigDecimalMatrixGuavaTest" time="0.016"/>
  <testcase name="subtractShouldSucceed" classname="com.github.ltennstedt.finnmath.core.linear.BigDecimalMatrixGuavaTest" time="0.02"/>
  <testcase name="transposeShouldBeLinear" classname="com.github.ltennstedt.finnmath.core.linear.BigDecimalMatrixGuavaTest" time="0.015"/>
  <testcase name="addZeroMatrixShouldBeEqualToSelf" classname="com.github.ltennstedt.finnmath.core.linear.BigDecimalMatrixGuavaTest" time="0.002"/>
  <testcase name="multiplyNegativeIdentityMatrixShouldBeEqualToNegated" classname="com.github.ltennstedt.finnmath.core.linear.BigDecimalMatrixGuavaTest" time="0.004"/>
  <testcase name="subtractZeroMatrixShouldBeEqualToSelf" classname="com.github.ltennstedt.finnmath.core.linear.BigDecimalMatrixGuavaTest" time="0.001"/>
  <testcase name="addAndScalarMultiplyWithTwoScalarsShouldBeDistributive" classname="com.github.ltennstedt.finnmath.core.linear.BigDecimalMatrixGuavaTest" time="0.121"/>
  <testcase name="scalarMultiplyWithMinusOneShouldBeEqualToNegated" classname="com.github.ltennstedt.finnmath.core.linear.BigDecimalMatrixGuavaTest" time="0.002"/>
  <testcase name="transposeTwiceIsEqualToSelf" classname="com.github.ltennstedt.finnmath.core.linear.BigDecimalMatrixGuavaTest" time="0.001"/>
  <testcase name="addShouldBeCommutative" classname="com.github.ltennstedt.finnmath.core.linear.BigDecimalMatrixGuavaTest" time="0.009"/>
  <testcase name="negateZeroMatrixShouldBeEqualToSelf" classname="com.github.ltennstedt.finnmath.core.linear.BigDecimalMatrixGuavaTest" time="0"/>
  <testcase name="multiplyShouldBeAssociative" classname="com.github.ltennstedt.finnmath.core.linear.BigDecimalMatrixGuavaTest" time="0.294"/>
  <testcase name="transposeShouldBeMultiplicativeWithInversedOrder" classname="com.github.ltennstedt.finnmath.core.linear.BigDecimalMatrixGuavaTest" time="0.017"/>
  <testcase name="addAndScalarMultiplyWithTwoMatricesShouldBeDistributive" classname="com.github.ltennstedt.finnmath.core.linear.BigDecimalMatrixGuavaTest" time="0.899"/>
  <testcase name="scalarMultiplyWithTwoMatricesShouldBeAssociative" classname="com.github.ltennstedt.finnmath.core.linear.BigDecimalMatrixGuavaTest" time="0.178"/>
  <testcase name="minorShouldSucceed" classname="com.github.ltennstedt.finnmath.core.linear.BigDecimalMatrixGuavaTest" time="0.004"/>
  <testcase name="addShouldBeAssociative" classname="com.github.ltennstedt.finnmath.core.linear.BigDecimalMatrixGuavaTest" time="0.288"/>
  <testcase name="negateTwiceShouldBeEqualToSelf" classname="com.github.ltennstedt.finnmath.core.linear.BigDecimalMatrixGuavaTest" time="0.064"/>
  <testcase name="addAndMultiplyShouldBeDistributive" classname="com.github.ltennstedt.finnmath.core.linear.BigDecimalMatrixGuavaTest" time="0.99"/>
  <testcase name="scalarMultiplyWithTwoScalarsShouldBeAssociative" classname="com.github.ltennstedt.finnmath.core.linear.BigDecimalMatrixGuavaTest" time="0.083"/>
  <testcase name="multiplyShouldSucceed" classname="com.github.ltennstedt.finnmath.core.linear.BigDecimalMatrixGuavaTest" time="0.378"/>
  <testcase name="transposeShouldSucceed" classname="com.github.ltennstedt.finnmath.core.linear.BigDecimalMatrixGuavaTest" time="0.003"/>
  <testcase name="negateShouldSucceed" classname="com.github.ltennstedt.finnmath.core.linear.BigDecimalMatrixGuavaTest" time="0.002"/>
  <testcase name="scalarMultiplyWithOneShouldBeEqualToSelf" classname="com.github.ltennstedt.finnmath.core.linear.BigDecimalMatrixGuavaTest" time="0.001"/>
</testsuite>