<?xml version="1.0" encoding="UTF-8"?>
<testsuite xmlns:xsi="http://www.w3.org/2001/XMLSchema-instance" xsi:noNamespaceSchemaLocation="https://maven.apache.org/surefire/maven-surefire-plugin/xsd/surefire-test-report.xsd" name="com.github.ltennstedt.finnmath.core.linear.RealComplexNumberMatrixTest" time="5.872" tests="161" errors="0" skipped="0" failures="0">
  <properties>
    <property name="sun.desktop" value="gnome"/>
    <property name="awt.toolkit" value="sun.awt.X11.XToolkit"/>
    <property name="file.encoding.pkg" value="sun.io"/>
    <property name="java.specification.version" value="1.8"/>
    <property name="sun.cpu.isalist" value=""/>
    <property name="sun.jnu.encoding" value="UTF-8"/>
    <property name="java.class.path" value="/home/raimund/git/finnmath/core/target/test-classes:/home/raimund/git/finnmath/core/target/classes:/home/raimund/.m2/repository/ch/obermuhlner/big-math/1.3.0/big-math-1.3.0.jar:/home/raimund/.m2/repository/com/google/guava/guava/23.5-jre/guava-23.5-jre.jar:/home/raimund/.m2/repository/com/google/code/findbugs/jsr305/1.3.9/jsr305-1.3.9.jar:/home/raimund/.m2/repository/org/checkerframework/checker-qual/2.0.0/checker-qual-2.0.0.jar:/home/raimund/.m2/repository/com/google/errorprone/error_prone_annotations/2.0.18/error_prone_annotations-2.0.18.jar:/home/raimund/.m2/repository/com/google/j2objc/j2objc-annotations/1.1/j2objc-annotations-1.1.jar:/home/raimund/.m2/repository/org/codehaus/mojo/animal-sniffer-annotations/1.14/animal-sniffer-annotations-1.14.jar:/home/raimund/.m2/repository/org/apache/commons/commons-lang3/3.7/commons-lang3-3.7.jar:/home/raimund/.m2/repository/org/slf4j/slf4j-api/1.7.25/slf4j-api-1.7.25.jar:/home/raimund/.m2/repository/org/slf4j/slf4j-simple/1.7.25/slf4j-simple-1.7.25.jar:/home/raimund/.m2/repository/junit/junit/4.12/junit-4.12.jar:/home/raimund/.m2/repository/org/hamcrest/hamcrest-core/1.3/hamcrest-core-1.3.jar:/home/raimund/.m2/repository/org/assertj/assertj-core/3.8.0/assertj-core-3.8.0.jar:/home/raimund/.m2/repository/org/assertj/assertj-guava/3.1.0/assertj-guava-3.1.0.jar:"/>
    <property name="java.vm.vendor" value="Oracle Corporation"/>
    <property name="sun.arch.data.model" value="64"/>
    <property name="java.vendor.url" value="http://java.oracle.com/"/>
    <property name="user.timezone" value=""/>
    <property name="java.vm.specification.version" value="1.8"/>
    <property name="os.name" value="Linux"/>
    <property name="user.country" value="US"/>
    <property name="sun.java.launcher" value="SUN_STANDARD"/>
    <property name="sun.boot.library.path" value="/usr/lib/jvm/java-8-openjdk/jre/lib/amd64"/>
    <property name="sun.java.command" value="/home/raimund/git/finnmath/core/target/surefire/surefirebooter1354846831816943154.jar /home/raimund/git/finnmath/core/target/surefire 2017-12-23T19-47-06_675-jvmRun1 surefire2625236118736408092tmp surefire_03784596663335593008tmp"/>
    <property name="surefire.test.class.path" value="/home/raimund/git/finnmath/core/target/test-classes:/home/raimund/git/finnmath/core/target/classes:/home/raimund/.m2/repository/ch/obermuhlner/big-math/1.3.0/big-math-1.3.0.jar:/home/raimund/.m2/repository/com/google/guava/guava/23.5-jre/guava-23.5-jre.jar:/home/raimund/.m2/repository/com/google/code/findbugs/jsr305/1.3.9/jsr305-1.3.9.jar:/home/raimund/.m2/repository/org/checkerframework/checker-qual/2.0.0/checker-qual-2.0.0.jar:/home/raimund/.m2/repository/com/google/errorprone/error_prone_annotations/2.0.18/error_prone_annotations-2.0.18.jar:/home/raimund/.m2/repository/com/google/j2objc/j2objc-annotations/1.1/j2objc-annotations-1.1.jar:/home/raimund/.m2/repository/org/codehaus/mojo/animal-sniffer-annotations/1.14/animal-sniffer-annotations-1.14.jar:/home/raimund/.m2/repository/org/apache/commons/commons-lang3/3.7/commons-lang3-3.7.jar:/home/raimund/.m2/repository/org/slf4j/slf4j-api/1.7.25/slf4j-api-1.7.25.jar:/home/raimund/.m2/repository/org/slf4j/slf4j-simple/1.7.25/slf4j-simple-1.7.25.jar:/home/raimund/.m2/repository/junit/junit/4.12/junit-4.12.jar:/home/raimund/.m2/repository/org/hamcrest/hamcrest-core/1.3/hamcrest-core-1.3.jar:/home/raimund/.m2/repository/org/assertj/assertj-core/3.8.0/assertj-core-3.8.0.jar:/home/raimund/.m2/repository/org/assertj/assertj-guava/3.1.0/assertj-guava-3.1.0.jar:"/>
    <property name="sun.cpu.endian" value="little"/>
    <property name="user.home" value="/home/raimund"/>
    <property name="user.language" value="en"/>
    <property name="java.specification.vendor" value="Oracle Corporation"/>
    <property name="java.home" value="/usr/lib/jvm/java-8-openjdk/jre"/>
    <property name="basedir" value="/home/raimund/git/finnmath/core"/>
    <property name="file.separator" value="/"/>
    <property name="line.separator" value="&#10;"/>
    <property name="java.vm.specification.vendor" value="Oracle Corporation"/>
    <property name="java.specification.name" value="Java Platform API Specification"/>
    <property name="java.awt.graphicsenv" value="sun.awt.X11GraphicsEnvironment"/>
    <property name="surefire.real.class.path" value="/home/raimund/git/finnmath/core/target/surefire/surefirebooter1354846831816943154.jar:/home/raimund/.m2/repository/org/jacoco/org.jacoco.agent/0.7.9/org.jacoco.agent-0.7.9-runtime.jar"/>
    <property name="sun.boot.class.path" value="/usr/lib/jvm/java-8-openjdk/jre/lib/resources.jar:/usr/lib/jvm/java-8-openjdk/jre/lib/rt.jar:/usr/lib/jvm/java-8-openjdk/jre/lib/sunrsasign.jar:/usr/lib/jvm/java-8-openjdk/jre/lib/jsse.jar:/usr/lib/jvm/java-8-openjdk/jre/lib/jce.jar:/usr/lib/jvm/java-8-openjdk/jre/lib/charsets.jar:/usr/lib/jvm/java-8-openjdk/jre/lib/jfr.jar:/usr/lib/jvm/java-8-openjdk/jre/classes"/>
    <property name="sun.management.compiler" value="HotSpot 64-Bit Tiered Compilers"/>
    <property name="java.runtime.version" value="1.8.0_144-b01"/>
    <property name="user.name" value="raimund"/>
    <property name="path.separator" value=":"/>
    <property name="os.version" value="4.14.8-1-ARCH"/>
    <property name="java.endorsed.dirs" value="/usr/lib/jvm/java-8-openjdk/jre/lib/endorsed"/>
    <property name="java.runtime.name" value="OpenJDK Runtime Environment"/>
    <property name="file.encoding" value="UTF-8"/>
    <property name="java.vm.name" value="OpenJDK 64-Bit Server VM"/>
    <property name="localRepository" value="/home/raimund/.m2/repository"/>
    <property name="java.vendor.url.bug" value="http://bugreport.sun.com/bugreport/"/>
    <property name="java.io.tmpdir" value="/tmp"/>
    <property name="java.version" value="1.8.0_144"/>
    <property name="user.dir" value="/home/raimund/git/finnmath/core"/>
    <property name="os.arch" value="amd64"/>
    <property name="java.vm.specification.name" value="Java Virtual Machine Specification"/>
    <property name="java.awt.printerjob" value="sun.print.PSPrinterJob"/>
    <property name="sun.os.patch.level" value="unknown"/>
    <property name="java.library.path" value="/usr/java/packages/lib/amd64:/usr/lib64:/lib64:/lib:/usr/lib"/>
    <property name="java.vm.info" value="mixed mode"/>
    <property name="java.vendor" value="Oracle Corporation"/>
    <property name="java.vm.version" value="25.144-b01"/>
    <property name="java.ext.dirs" value="/usr/lib/jvm/java-8-openjdk/jre/lib/ext:/usr/java/packages/lib/ext"/>
    <property name="sun.io.unicode.encoding" value="UnicodeLittle"/>
    <property name="java.class.version" value="52.0"/>
  </properties>
  <testcase name="multiplyZeroVectorShouldBeEqualToZeroMatrix" classname="com.github.ltennstedt.finnmath.core.linear.RealComplexNumberMatrixTest" time="0.019"/>
  <testcase name="multiplyIdentityMatrixShouldBeEqualToSelf" classname="com.github.ltennstedt.finnmath.core.linear.RealComplexNumberMatrixTest" time="0.021"/>
  <testcase name="transposeShouldBeAdditive" classname="com.github.ltennstedt.finnmath.core.linear.RealComplexNumberMatrixTest" time="0.065"/>
  <testcase name="frobeniusNormShouldBeSubadditive" classname="com.github.ltennstedt.finnmath.core.linear.RealComplexNumberMatrixTest" time="0.028"/>
  <testcase name="squareShouldBePredictable" classname="com.github.ltennstedt.finnmath.core.linear.RealComplexNumberMatrixTest" time="0"/>
  <testcase name="identityShouldSucceed" classname="com.github.ltennstedt.finnmath.core.linear.RealComplexNumberMatrixTest" time="0"/>
  <testcase name="addShouldSucceed" classname="com.github.ltennstedt.finnmath.core.linear.RealComplexNumberMatrixTest" time="0.02"/>
  <testcase name="skewSymmetricNotSymmetricShouldReturnFalse" classname="com.github.ltennstedt.finnmath.core.linear.RealComplexNumberMatrixTest" time="0.003"/>
  <testcase name="multiplyNullVectorShouldThrowException" classname="com.github.ltennstedt.finnmath.core.linear.RealComplexNumberMatrixTest" time="0.001"/>
  <testcase name="scalarMultiplyShouldSucceed" classname="com.github.ltennstedt.finnmath.core.linear.RealComplexNumberMatrixTest" time="0.02"/>
  <testcase name="determinatOfTriangularMatricesShouldBeEqualToProductOfTheDiagonalEntries" classname="com.github.ltennstedt.finnmath.core.linear.RealComplexNumberMatrixTest" time="0.002"/>
  <testcase name="subtractShouldSucceed" classname="com.github.ltennstedt.finnmath.core.linear.RealComplexNumberMatrixTest" time="0.021"/>
  <testcase name="maxAbsRowSumNormShouldBePositiveValued" classname="com.github.ltennstedt.finnmath.core.linear.RealComplexNumberMatrixTest" time="0.011"/>
  <testcase name="toStringShouldSucceed" classname="com.github.ltennstedt.finnmath.core.linear.RealComplexNumberMatrixTest" time="0.007"/>
  <testcase name="invertibleIdShouldSucceed" classname="com.github.ltennstedt.finnmath.core.linear.RealComplexNumberMatrixTest" time="0.002"/>
  <testcase name="elementColumnIndexOutOfBoundShouldThrowException" classname="com.github.ltennstedt.finnmath.core.linear.RealComplexNumberMatrixTest" time="0.001"/>
  <testcase name="subtractRowSizesNotEqualShouldThrowException" classname="com.github.ltennstedt.finnmath.core.linear.RealComplexNumberMatrixTest" time="0.001"/>
  <testcase name="columnSizeShouldSucceed" classname="com.github.ltennstedt.finnmath.core.linear.RealComplexNumberMatrixTest" time="0.002"/>
  <testcase name="frobeniusNormPow2OfZeroMatrixShouldBeEqualToZero" classname="com.github.ltennstedt.finnmath.core.linear.RealComplexNumberMatrixTest" time="0.001"/>
  <testcase name="frobeniusNormShouldBeSubmultiplicative" classname="com.github.ltennstedt.finnmath.core.linear.RealComplexNumberMatrixTest" time="0.038"/>
  <testcase name="maxNormOfZeroMatrixShouldBeEqualToZero" classname="com.github.ltennstedt.finnmath.core.linear.RealComplexNumberMatrixTest" time="0.001"/>
  <testcase name="minorColumnIndexTooHighShouldThrowException" classname="com.github.ltennstedt.finnmath.core.linear.RealComplexNumberMatrixTest" time="0.001"/>
  <testcase name="maxAbsColumnSumNormShouldBeSubadditive" classname="com.github.ltennstedt.finnmath.core.linear.RealComplexNumberMatrixTest" time="0.179"/>
  <testcase name="determinatOfTransposeShouldBeEqualToDeterminant" classname="com.github.ltennstedt.finnmath.core.linear.RealComplexNumberMatrixTest" time="0.019"/>
  <testcase name="maxAbsColumnSumNormOfZeroMatrixShouldBeEqualToZero" classname="com.github.ltennstedt.finnmath.core.linear.RealComplexNumberMatrixTest" time="0"/>
  <testcase name="maxAbsRowSumNormShouldBeSucceed" classname="com.github.ltennstedt.finnmath.core.linear.RealComplexNumberMatrixTest" time="0.025"/>
  <testcase name="multiplyVectorShouldSucceed" classname="com.github.ltennstedt.finnmath.core.linear.RealComplexNumberMatrixTest" time="0.014"/>
  <testcase name="lowerTriangularNotSquareShouldReturnFalse" classname="com.github.ltennstedt.finnmath.core.linear.RealComplexNumberMatrixTest" time="0"/>
  <testcase name="minorRowIndexTooLowShouldThrowException" classname="com.github.ltennstedt.finnmath.core.linear.RealComplexNumberMatrixTest" time="0.001"/>
  <testcase name="transposeShouldBeLinear" classname="com.github.ltennstedt.finnmath.core.linear.RealComplexNumberMatrixTest" time="0.044"/>
  <testcase name="maxAbsColumnSumNormShouldBePositiveValued" classname="com.github.ltennstedt.finnmath.core.linear.RealComplexNumberMatrixTest" time="0.007"/>
  <testcase name="traceShouldBeLinear" classname="com.github.ltennstedt.finnmath.core.linear.RealComplexNumberMatrixTest" time="0.013"/>
  <testcase name="rowIndexesShouldSucceed" classname="com.github.ltennstedt.finnmath.core.linear.RealComplexNumberMatrixTest" time="0.004"/>
  <testcase name="determinatOfTwoByTwoMatricesShouldSucceed" classname="com.github.ltennstedt.finnmath.core.linear.RealComplexNumberMatrixTest" time="0.002"/>
  <testcase name="addZeroMatrixShouldBeEqualToSelf" classname="com.github.ltennstedt.finnmath.core.linear.RealComplexNumberMatrixTest" time="0.002"/>
  <testcase name="lowerTriangularNotLowerTriangularShouldReturnFalse" classname="com.github.ltennstedt.finnmath.core.linear.RealComplexNumberMatrixTest" time="0.007"/>
  <testcase name="multiplyNegativeIdentityMatrixShouldBeEqualToNegated" classname="com.github.ltennstedt.finnmath.core.linear.RealComplexNumberMatrixTest" time="0.005"/>
  <testcase name="subtractZeroMatrixShouldBeEqualToSelf" classname="com.github.ltennstedt.finnmath.core.linear.RealComplexNumberMatrixTest" time="0.004"/>
  <testcase name="minorRowIndexTooHighShouldThrowException" classname="com.github.ltennstedt.finnmath.core.linear.RealComplexNumberMatrixTest" time="0.001"/>
  <testcase name="rowsShouldSucceed" classname="com.github.ltennstedt.finnmath.core.linear.RealComplexNumberMatrixTest" time="0.016"/>
  <testcase name="muliplyZeroMatrixShouldBeEqualToZeroMatrix" classname="com.github.ltennstedt.finnmath.core.linear.RealComplexNumberMatrixTest" time="0.002"/>
  <testcase name="maxNormShouldBeSucceed" classname="com.github.ltennstedt.finnmath.core.linear.RealComplexNumberMatrixTest" time="0.008"/>
  <testcase name="scalarMultiplyNullShouldThrowException" classname="com.github.ltennstedt.finnmath.core.linear.RealComplexNumberMatrixTest" time="0.001"/>
  <testcase name="determinatWithScalarShouldBeEqualToPowOfScalarMultipliedWithDet" classname="com.github.ltennstedt.finnmath.core.linear.RealComplexNumberMatrixTest" time="0.07"/>
  <testcase name="addAndScalarMultiplyWithTwoScalarsShouldBeDistributive" classname="com.github.ltennstedt.finnmath.core.linear.RealComplexNumberMatrixTest" time="0.227"/>
  <testcase name="lowerTriangularShouldSucceed" classname="com.github.ltennstedt.finnmath.core.linear.RealComplexNumberMatrixTest" time="0.002"/>
  <testcase name="elementShouldSucceed" classname="com.github.ltennstedt.finnmath.core.linear.RealComplexNumberMatrixTest" time="0.005"/>
  <testcase name="squareOfSquareMatricesShouldBeTrue" classname="com.github.ltennstedt.finnmath.core.linear.RealComplexNumberMatrixTest" time="0.001"/>
  <testcase name="minorColumnIndexTooLowShouldThrowException" classname="com.github.ltennstedt.finnmath.core.linear.RealComplexNumberMatrixTest" time="0.001"/>
  <testcase name="determinatOfIdentityMatrixShouldBeEqualToOne" classname="com.github.ltennstedt.finnmath.core.linear.RealComplexNumberMatrixTest" time="0.001"/>
  <testcase name="frobeniusNormWithPrecisionAndScaleTooLowAndRoundingModeShouldThrowException" classname="com.github.ltennstedt.finnmath.core.linear.RealComplexNumberMatrixTest" time="0.001"/>
  <testcase name="multiplyNullShouldThrowException" classname="com.github.ltennstedt.finnmath.core.linear.RealComplexNumberMatrixTest" time="0.001"/>
  <testcase name="diagonalNotSquareShouldReturnFalse" classname="com.github.ltennstedt.finnmath.core.linear.RealComplexNumberMatrixTest" time="0"/>
  <testcase name="invertibleMatrixWithDetEqualToMinusOneShouldSucceed" classname="com.github.ltennstedt.finnmath.core.linear.RealComplexNumberMatrixTest" time="0.002"/>
  <testcase name="scalarMultiplyWithMinusOneShouldBeEqualToNegated" classname="com.github.ltennstedt.finnmath.core.linear.RealComplexNumberMatrixTest" time="0.002"/>
  <testcase name="frobeniusNormWithPrecisionNullAndScaleAndRoundingModeShouldThrowException" classname="com.github.ltennstedt.finnmath.core.linear.RealComplexNumberMatrixTest" time="0.001"/>
  <testcase name="symmetricNotSymmetricShouldReturnFalse" classname="com.github.ltennstedt.finnmath.core.linear.RealComplexNumberMatrixTest" time="0.003"/>
  <testcase name="traceShouldBeAdditive" classname="com.github.ltennstedt.finnmath.core.linear.RealComplexNumberMatrixTest" time="0.008"/>
  <testcase name="elementRowIndexOutOfBoundShouldThrowException" classname="com.github.ltennstedt.finnmath.core.linear.RealComplexNumberMatrixTest" time="0.001"/>
  <testcase name="rowRowIndexOutOfBoundShouldThrowException" classname="com.github.ltennstedt.finnmath.core.linear.RealComplexNumberMatrixTest" time="0.001"/>
  <testcase name="maxNormShouldBeSubadditive" classname="com.github.ltennstedt.finnmath.core.linear.RealComplexNumberMatrixTest" time="0.092"/>
  <testcase name="transposeTwiceIsEqualToSelf" classname="com.github.ltennstedt.finnmath.core.linear.RealComplexNumberMatrixTest" time="0.002"/>
  <testcase name="builderColumnSizeTooLowShouldThrowException" classname="com.github.ltennstedt.finnmath.core.linear.RealComplexNumberMatrixTest" time="0.001"/>
  <testcase name="equalsSelfShouldReturnTrue" classname="com.github.ltennstedt.finnmath.core.linear.RealComplexNumberMatrixTest" time="0.001"/>
  <testcase name="maxAbsRowSumNormOfZeroMatrixShouldBeEqualToZero" classname="com.github.ltennstedt.finnmath.core.linear.RealComplexNumberMatrixTest" time="0.001"/>
  <testcase name="invertibleZeroMatrixShouldReturnFalse" classname="com.github.ltennstedt.finnmath.core.linear.RealComplexNumberMatrixTest" time="0.001"/>
  <testcase name="addShouldBeCommutative" classname="com.github.ltennstedt.finnmath.core.linear.RealComplexNumberMatrixTest" time="0.015"/>
  <testcase name="maxAbsRowSumNormShouldBeSubmultiplicative" classname="com.github.ltennstedt.finnmath.core.linear.RealComplexNumberMatrixTest" time="0.109"/>
  <testcase name="traceShouldBeEqualToTheTraceOfTheTranspose" classname="com.github.ltennstedt.finnmath.core.linear.RealComplexNumberMatrixTest" time="0.003"/>
  <testcase name="multiplyColumnSizeNotEqualToFactorRowSizeShouldThrowException" classname="com.github.ltennstedt.finnmath.core.linear.RealComplexNumberMatrixTest" time="0.001"/>
  <testcase name="identityNotDiagonalhouldReturnFalse" classname="com.github.ltennstedt.finnmath.core.linear.RealComplexNumberMatrixTest" time="0.003"/>
  <testcase name="negateZeroMatrixShouldBeEqualToSelf" classname="com.github.ltennstedt.finnmath.core.linear.RealComplexNumberMatrixTest" time="0.001"/>
  <testcase name="diagonalShouldSucceed" classname="com.github.ltennstedt.finnmath.core.linear.RealComplexNumberMatrixTest" time="0"/>
  <testcase name="multiplyShouldBeAssociative" classname="com.github.ltennstedt.finnmath.core.linear.RealComplexNumberMatrixTest" time="0.892"/>
  <testcase name="invertibleNotSquareShouldReturnFalse" classname="com.github.ltennstedt.finnmath.core.linear.RealComplexNumberMatrixTest" time="0"/>
  <testcase name="transposeShouldBeMultiplicativeWithInversedOrder" classname="com.github.ltennstedt.finnmath.core.linear.RealComplexNumberMatrixTest" time="0.037"/>
  <testcase name="addAndScalarMultiplyWithTwoMatricesShouldBeDistributive" classname="com.github.ltennstedt.finnmath.core.linear.RealComplexNumberMatrixTest" time="0.28"/>
  <testcase name="columnShouldSucceed" classname="com.github.ltennstedt.finnmath.core.linear.RealComplexNumberMatrixTest" time="0.002"/>
  <testcase name="elementRowIndexNullShouldThrowException" classname="com.github.ltennstedt.finnmath.core.linear.RealComplexNumberMatrixTest" time="0.001"/>
  <testcase name="scalarMultiplyWithTwoMatricesShouldBeAssociative" classname="com.github.ltennstedt.finnmath.core.linear.RealComplexNumberMatrixTest" time="0.469"/>
  <testcase name="scalarMultiplyWithZeroShouldBeEqualToZeroMatrix" classname="com.github.ltennstedt.finnmath.core.linear.RealComplexNumberMatrixTest" time="0.004"/>
  <testcase name="multiplyVectorColumnSizeNotEqualToVectorSizeShouldThrowException" classname="com.github.ltennstedt.finnmath.core.linear.RealComplexNumberMatrixTest" time="0.001"/>
  <testcase name="equalsEqualShouldReturnTrue" classname="com.github.ltennstedt.finnmath.core.linear.RealComplexNumberMatrixTest" time="0.003"/>
  <testcase name="scalarMultiplyAndMultiplyVectorShouldBeCommutative" classname="com.github.ltennstedt.finnmath.core.linear.RealComplexNumberMatrixTest" time="0.125"/>
  <testcase name="maxNormShouldBePositiveValued" classname="com.github.ltennstedt.finnmath.core.linear.RealComplexNumberMatrixTest" time="0.004"/>
  <testcase name="squareOfNonSquareMatrixShouldBeFalse" classname="com.github.ltennstedt.finnmath.core.linear.RealComplexNumberMatrixTest" time="0"/>
  <testcase name="frobeniusNormWithPrecisionNullShouldThrowException" classname="com.github.ltennstedt.finnmath.core.linear.RealComplexNumberMatrixTest" time="0.001"/>
  <testcase name="frobeniusNormWithPrecisionTooLowShouldThrowException" classname="com.github.ltennstedt.finnmath.core.linear.RealComplexNumberMatrixTest" time="0.001"/>
  <testcase name="addColumnSizesNotEqualShouldThrowException" classname="com.github.ltennstedt.finnmath.core.linear.RealComplexNumberMatrixTest" time="0.001"/>
  <testcase name="minorShouldSucceed" classname="com.github.ltennstedt.finnmath.core.linear.RealComplexNumberMatrixTest" time="0.005"/>
  <testcase name="hashCodeShouldSucceed" classname="com.github.ltennstedt.finnmath.core.linear.RealComplexNumberMatrixTest" time="0.007"/>
  <testcase name="maxAbsColumnSumNormShouldBeSucceed" classname="com.github.ltennstedt.finnmath.core.linear.RealComplexNumberMatrixTest" time="0.007"/>
  <testcase name="addShouldBeAssociative" classname="com.github.ltennstedt.finnmath.core.linear.RealComplexNumberMatrixTest" time="0.194"/>
  <testcase name="builderRowSizeTooLowShouldThrowException" classname="com.github.ltennstedt.finnmath.core.linear.RealComplexNumberMatrixTest" time="0.001"/>
  <testcase name="maxAbsColumnSumNormShouldBeAbsolutelyHomogeneous" classname="com.github.ltennstedt.finnmath.core.linear.RealComplexNumberMatrixTest" time="0.071"/>
  <testcase name="subtractColumnSizesNotEqualShouldThrowException" classname="com.github.ltennstedt.finnmath.core.linear.RealComplexNumberMatrixTest" time="0.006"/>
  <testcase name="equalsNotEqualShouldReturnFalse" classname="com.github.ltennstedt.finnmath.core.linear.RealComplexNumberMatrixTest" time="0.004"/>
  <testcase name="addRowSizesNotEqualShouldThrowException" classname="com.github.ltennstedt.finnmath.core.linear.RealComplexNumberMatrixTest" time="0.001"/>
  <testcase name="rowSizeShouldSucceed" classname="com.github.ltennstedt.finnmath.core.linear.RealComplexNumberMatrixTest" time="0.001"/>
  <testcase name="negateTwiceShouldBeEqualToSelf" classname="com.github.ltennstedt.finnmath.core.linear.RealComplexNumberMatrixTest" time="0.002"/>
  <testcase name="minorColumnIndexNullShouldThrowException" classname="com.github.ltennstedt.finnmath.core.linear.RealComplexNumberMatrixTest" time="0.001"/>
  <testcase name="traceShouldSucceed" classname="com.github.ltennstedt.finnmath.core.linear.RealComplexNumberMatrixTest" time="0"/>
  <testcase name="symmetricShouldSucceed" classname="com.github.ltennstedt.finnmath.core.linear.RealComplexNumberMatrixTest" time="0.003"/>
  <testcase name="identityNotIdentityMatrixShouldReturnFalse" classname="com.github.ltennstedt.finnmath.core.linear.RealComplexNumberMatrixTest" time="0"/>
  <testcase name="frobeniusNormWithPrecisionAndScaleAndRoundingModeShouldSucceed" classname="com.github.ltennstedt.finnmath.core.linear.RealComplexNumberMatrixTest" time="0.002"/>
  <testcase name="maxNormShouldBeAbsolutelyHomogeneous" classname="com.github.ltennstedt.finnmath.core.linear.RealComplexNumberMatrixTest" time="0.203"/>
  <testcase name="skewSymmetricNotquareShouldReturnFalse" classname="com.github.ltennstedt.finnmath.core.linear.RealComplexNumberMatrixTest" time="0"/>
  <testcase name="determinatOfThreeByThreeMatricesShouldSucceed" classname="com.github.ltennstedt.finnmath.core.linear.RealComplexNumberMatrixTest" time="0.002"/>
  <testcase name="addAndMultiplyShouldBeDistributive" classname="com.github.ltennstedt.finnmath.core.linear.RealComplexNumberMatrixTest" time="0.63"/>
  <testcase name="frobeniusNormPow2ShouldBeHomogeneous" classname="com.github.ltennstedt.finnmath.core.linear.RealComplexNumberMatrixTest" time="0.009"/>
  <testcase name="cellsShouldSucceed" classname="com.github.ltennstedt.finnmath.core.linear.RealComplexNumberMatrixTest" time="0.001"/>
  <testcase name="frobeniusNormWithPrecisionTooLowAndScaleAndRoundingModeShouldThrowException" classname="com.github.ltennstedt.finnmath.core.linear.RealComplexNumberMatrixTest" time="0.001"/>
  <testcase name="symmetricNotquareShouldReturnFalse" classname="com.github.ltennstedt.finnmath.core.linear.RealComplexNumberMatrixTest" time="0.001"/>
  <testcase name="elementColumnIndexNullShouldThrowException" classname="com.github.ltennstedt.finnmath.core.linear.RealComplexNumberMatrixTest" time="0.001"/>
  <testcase name="rowShouldSucceed" classname="com.github.ltennstedt.finnmath.core.linear.RealComplexNumberMatrixTest" time="0.003"/>
  <testcase name="frobeniusNormPow2ShouldBeSucceed" classname="com.github.ltennstedt.finnmath.core.linear.RealComplexNumberMatrixTest" time="0.001"/>
  <testcase name="traceNotSquareShouldThrowException" classname="com.github.ltennstedt.finnmath.core.linear.RealComplexNumberMatrixTest" time="0.002"/>
  <testcase name="addNegatedShouldBeEqualToZeroMatrix" classname="com.github.ltennstedt.finnmath.core.linear.RealComplexNumberMatrixTest" time="0.003"/>
  <testcase name="columnColumnIndexNullShouldThrowException" classname="com.github.ltennstedt.finnmath.core.linear.RealComplexNumberMatrixTest" time="0.001"/>
  <testcase name="frobeniusNormWithPrecisionShouldSucceed" classname="com.github.ltennstedt.finnmath.core.linear.RealComplexNumberMatrixTest" time="0.003"/>
  <testcase name="maxAbsColumnSumNormShouldBeSubmultiplicative" classname="com.github.ltennstedt.finnmath.core.linear.RealComplexNumberMatrixTest" time="0.083"/>
  <testcase name="scalarMultiplyWithTwoScalarsShouldBeAssociative" classname="com.github.ltennstedt.finnmath.core.linear.RealComplexNumberMatrixTest" time="0.102"/>
  <testcase name="elementsShouldSucceed" classname="com.github.ltennstedt.finnmath.core.linear.RealComplexNumberMatrixTest" time="0.003"/>
  <testcase name="addNullShouldThrowException" classname="com.github.ltennstedt.finnmath.core.linear.RealComplexNumberMatrixTest" time="0.002"/>
  <testcase name="determinatOfZeroMatrixShouldBeEqualToZero" classname="com.github.ltennstedt.finnmath.core.linear.RealComplexNumberMatrixTest" time="0.001"/>
  <testcase name="traceShouldBeIndependentOfTheOrderOfTheFactors" classname="com.github.ltennstedt.finnmath.core.linear.RealComplexNumberMatrixTest" time="0.019"/>
  <testcase name="multiplyShouldSucceed" classname="com.github.ltennstedt.finnmath.core.linear.RealComplexNumberMatrixTest" time="0.052"/>
  <testcase name="minorRowIndexNullShouldThrowException" classname="com.github.ltennstedt.finnmath.core.linear.RealComplexNumberMatrixTest" time="0.004"/>
  <testcase name="skewSymmetricShouldSucceed" classname="com.github.ltennstedt.finnmath.core.linear.RealComplexNumberMatrixTest" time="0.003"/>
  <testcase name="maxAbsRowSumNormShouldBeSubadditive" classname="com.github.ltennstedt.finnmath.core.linear.RealComplexNumberMatrixTest" time="0.066"/>
  <testcase name="rowRowIndexNullShouldThrowException" classname="com.github.ltennstedt.finnmath.core.linear.RealComplexNumberMatrixTest" time="0.001"/>
  <testcase name="frobeniusNormWithRoundingModeAndScaleTooLowShouldThrowException" classname="com.github.ltennstedt.finnmath.core.linear.RealComplexNumberMatrixTest" time="0.002"/>
  <testcase name="diagonalNotNotDiagonalShouldReturnFalse" classname="com.github.ltennstedt.finnmath.core.linear.RealComplexNumberMatrixTest" time="0.003"/>
  <testcase name="triangularNotUpperTriangularShouldReturnFalse" classname="com.github.ltennstedt.finnmath.core.linear.RealComplexNumberMatrixTest" time="0.004"/>
  <testcase name="frobeniusNormWithPrecisionTooHighShouldThrowException" classname="com.github.ltennstedt.finnmath.core.linear.RealComplexNumberMatrixTest" time="0.001"/>
  <testcase name="triangularShouldSucceed" classname="com.github.ltennstedt.finnmath.core.linear.RealComplexNumberMatrixTest" time="0.001"/>
  <testcase name="transposeShouldSucceed" classname="com.github.ltennstedt.finnmath.core.linear.RealComplexNumberMatrixTest" time="0.003"/>
  <testcase name="frobeniusNormWithPrecisionTooHighAndScaleAndRoundingModeShouldThrowException" classname="com.github.ltennstedt.finnmath.core.linear.RealComplexNumberMatrixTest" time="0.002"/>
  <testcase name="determinatNotSquareShouldThrowException" classname="com.github.ltennstedt.finnmath.core.linear.RealComplexNumberMatrixTest" time="0.002"/>
  <testcase name="frobeniusNormWithScaleAndRoundingModeShouldSucceed" classname="com.github.ltennstedt.finnmath.core.linear.RealComplexNumberMatrixTest" time="0.001"/>
  <testcase name="equalsNotRealComplexNumberShouldReturnFalse" classname="com.github.ltennstedt.finnmath.core.linear.RealComplexNumberMatrixTest" time="0"/>
  <testcase name="upperTriangularShouldSucceed" classname="com.github.ltennstedt.finnmath.core.linear.RealComplexNumberMatrixTest" time="0.001"/>
  <testcase name="columnIndexesShouldSucceed" classname="com.github.ltennstedt.finnmath.core.linear.RealComplexNumberMatrixTest" time="0.001"/>
  <testcase name="frobeniusNormShouldSucceed" classname="com.github.ltennstedt.finnmath.core.linear.RealComplexNumberMatrixTest" time="0.005"/>
  <testcase name="traceOfZeroMatrixShouldBeEqualToZero" classname="com.github.ltennstedt.finnmath.core.linear.RealComplexNumberMatrixTest" time="0"/>
  <testcase name="columnColumnIndexOutOfBoundShouldThrowException" classname="com.github.ltennstedt.finnmath.core.linear.RealComplexNumberMatrixTest" time="0.002"/>
  <testcase name="columnsShouldSucceed" classname="com.github.ltennstedt.finnmath.core.linear.RealComplexNumberMatrixTest" time="0.002"/>
  <testcase name="subtractNullShouldThrowException" classname="com.github.ltennstedt.finnmath.core.linear.RealComplexNumberMatrixTest" time="0.001"/>
  <testcase name="subtractSelfShouldBeEqualToZeroMatrix" classname="com.github.ltennstedt.finnmath.core.linear.RealComplexNumberMatrixTest" time="0.003"/>
  <testcase name="maxAbsRowSumNormShouldBeAbsolutelyHomogeneous" classname="com.github.ltennstedt.finnmath.core.linear.RealComplexNumberMatrixTest" time="0.054"/>
  <testcase name="upperTriangularNotSquareShouldReturnFalse" classname="com.github.ltennstedt.finnmath.core.linear.RealComplexNumberMatrixTest" time="0"/>
  <testcase name="negateShouldSucceed" classname="com.github.ltennstedt.finnmath.core.linear.RealComplexNumberMatrixTest" time="0.002"/>
  <testcase name="identityNotDiagonalShouldReturnFalse" classname="com.github.ltennstedt.finnmath.core.linear.RealComplexNumberMatrixTest" time="0"/>
  <testcase name="sizeShouldSucceed" classname="com.github.ltennstedt.finnmath.core.linear.RealComplexNumberMatrixTest" time="0.086"/>
  <testcase name="upperTriangularNotUpperTriangularShouldReturnFalse" classname="com.github.ltennstedt.finnmath.core.linear.RealComplexNumberMatrixTest" time="0.002"/>
  <testcase name="triangularNotLowerTriangularShouldReturnFalse" classname="com.github.ltennstedt.finnmath.core.linear.RealComplexNumberMatrixTest" time="0.006"/>
  <testcase name="determinantOfFourByFourMatricesShouldSucceed" classname="com.github.ltennstedt.finnmath.core.linear.RealComplexNumberMatrixTest" time="0.024"/>
  <testcase name="frobeniusNormShouldBePositiveValued" classname="com.github.ltennstedt.finnmath.core.linear.RealComplexNumberMatrixTest" time="0.005"/>
  <testcase name="triangularNotSquareShouldReturnFalse" classname="com.github.ltennstedt.finnmath.core.linear.RealComplexNumberMatrixTest" time="0"/>
  <testcase name="determinatShouldBeMultiplicative" classname="com.github.ltennstedt.finnmath.core.linear.RealComplexNumberMatrixTest" time="0.109"/>
  <testcase name="scalarMultiplyWithOneShouldBeEqualToSelf" classname="com.github.ltennstedt.finnmath.core.linear.RealComplexNumberMatrixTest" time="0.002"/>
</testsuite>